android/app/build/intermediates/manifest_merge_blame_file/release/manifest-merger-blame-release-report.txt
1<?xml version="1.0" encoding="utf-8"?>
2<manifest xmlns:android="http://schemas.android.com/apk/res/android"
3    package="com.awesomeproject"
4    android:versionCode="1"
5    android:versionName="1.0" >
6
7    <uses-sdk
8        android:minSdkVersion="21"
9        android:targetSdkVersion="34" />
10
11    <uses-permission android:name="android.permission.INTERNET" />
11-->src/main/AndroidManifest.xml:3:5-67
11-->src/main/AndroidManifest.xml:3:22-64
12
13    <queries>
13-->src/main/AndroidManifest.xml:26:5-32:15
14        <package android:name="io.metamask" />
14-->src/main/AndroidManifest.xml:27:7-44
14-->src/main/AndroidManifest.xml:27:16-42
15        <package android:name="com.wallet.crypto.trustapp" />
15-->src/main/AndroidManifest.xml:28:7-59
15-->src/main/AndroidManifest.xml:28:16-57
16        <package android:name="io.gnosis.safe" />
16-->src/main/AndroidManifest.xml:29:7-47
16-->src/main/AndroidManifest.xml:29:16-45
17        <package android:name="me.rainbow" />
17-->src/main/AndroidManifest.xml:30:7-43
17-->src/main/AndroidManifest.xml:30:16-41
18        <!-- Add other wallet package names here -->
19    </queries>
20
21    <uses-permission android:name="android.permission.ACCESS_NETWORK_STATE" />
21-->[:react-native-community_netinfo] AndroidManifest.xml:7:5-79
21-->[:react-native-community_netinfo] AndroidManifest.xml:7:22-76
22    <uses-permission android:name="android.permission.ACCESS_WIFI_STATE" />
22-->[:react-native-community_netinfo] AndroidManifest.xml:8:5-76
22-->[:react-native-community_netinfo] AndroidManifest.xml:8:22-73
23
24    <permission
24-->[androidx.core:core:1.9.0] AndroidManifest.xml:22:5-24:47
25        android:name="com.awesomeproject.DYNAMIC_RECEIVER_NOT_EXPORTED_PERMISSION"
25-->[androidx.core:core:1.9.0] AndroidManifest.xml:23:9-81
26        android:protectionLevel="signature" />
26-->[androidx.core:core:1.9.0] AndroidManifest.xml:24:9-44
27
28    <uses-permission android:name="com.awesomeproject.DYNAMIC_RECEIVER_NOT_EXPORTED_PERMISSION" />
28-->[androidx.core:core:1.9.0] AndroidManifest.xml:26:5-97
28-->[androidx.core:core:1.9.0] AndroidManifest.xml:26:22-94
29
30    <application
30-->src/main/AndroidManifest.xml:5:5-24:19
31        android:name="com.awesomeproject.MainApplication"
31-->src/main/AndroidManifest.xml:6:7-38
32        android:allowBackup="false"
32-->src/main/AndroidManifest.xml:10:7-34
33        android:appComponentFactory="androidx.core.app.CoreComponentFactory"
33-->[androidx.core:core:1.9.0] AndroidManifest.xml:28:18-86
34        android:extractNativeLibs="true"
35        android:icon="@mipmap/ic_launcher"
35-->src/main/AndroidManifest.xml:8:7-41
36        android:label="@string/app_name"
36-->src/main/AndroidManifest.xml:7:7-39
37        android:roundIcon="@mipmap/ic_launcher_round"
37-->src/main/AndroidManifest.xml:9:7-52
38        android:theme="@style/AppTheme" >
38-->src/main/AndroidManifest.xml:11:7-38
39        <activity
39-->src/main/AndroidManifest.xml:12:7-23:18
40            android:name="com.awesomeproject.MainActivity"
40-->src/main/AndroidManifest.xml:13:9-37
41            android:configChanges="keyboard|keyboardHidden|orientation|screenLayout|screenSize|smallestScreenSize|uiMode"
41-->src/main/AndroidManifest.xml:15:9-118
42            android:exported="true"
42-->src/main/AndroidManifest.xml:18:9-32
43            android:label="@string/app_name"
43-->src/main/AndroidManifest.xml:14:9-41
44            android:launchMode="singleTask"
44-->src/main/AndroidManifest.xml:16:9-40
45            android:windowSoftInputMode="adjustResize" >
45-->src/main/AndroidManifest.xml:17:9-51
46            <intent-filter>
46-->src/main/AndroidManifest.xml:19:9-22:25
47                <action android:name="android.intent.action.MAIN" />
47-->src/main/AndroidManifest.xml:20:13-65
47-->src/main/AndroidManifest.xml:20:21-62
48
49                <category android:name="android.intent.category.LAUNCHER" />
49-->src/main/AndroidManifest.xml:21:13-73
49-->src/main/AndroidManifest.xml:21:23-70
50            </intent-filter>
51        </activity>
52
53        <provider
53-->[:react-native-webview] AndroidManifest.xml:8:9-16:20
54            android:name="com.reactnativecommunity.webview.RNCWebViewFileProvider"
54-->[:react-native-webview] AndroidManifest.xml:9:13-83
55            android:authorities="com.awesomeproject.fileprovider"
55-->[:react-native-webview] AndroidManifest.xml:10:13-64
56            android:exported="false"
56-->[:react-native-webview] AndroidManifest.xml:11:13-37
57            android:grantUriPermissions="true" >
57-->[:react-native-webview] AndroidManifest.xml:12:13-47
58            <meta-data
58-->[:react-native-webview] AndroidManifest.xml:13:13-15:63
59                android:name="android.support.FILE_PROVIDER_PATHS"
59-->[:react-native-webview] AndroidManifest.xml:14:17-67
60                android:resource="@xml/file_provider_paths" />
60-->[:react-native-webview] AndroidManifest.xml:15:17-60
61        </provider>
62        <provider
62-->[androidx.emoji2:emoji2:1.2.0] AndroidManifest.xml:24:9-32:20
63            android:name="androidx.startup.InitializationProvider"
63-->[androidx.emoji2:emoji2:1.2.0] AndroidManifest.xml:25:13-67
64            android:authorities="com.awesomeproject.androidx-startup"
64-->[androidx.emoji2:emoji2:1.2.0] AndroidManifest.xml:26:13-68
65            android:exported="false" >
65-->[androidx.emoji2:emoji2:1.2.0] AndroidManifest.xml:27:13-37
66            <meta-data
66-->[androidx.emoji2:emoji2:1.2.0] AndroidManifest.xml:29:13-31:52
67                android:name="androidx.emoji2.text.EmojiCompatInitializer"
67-->[androidx.emoji2:emoji2:1.2.0] AndroidManifest.xml:30:17-75
68                android:value="androidx.startup" />
68-->[androidx.emoji2:emoji2:1.2.0] AndroidManifest.xml:31:17-49
69            <meta-data
69-->[androidx.lifecycle:lifecycle-process:2.4.1] AndroidManifest.xml:31:13-33:52
70                android:name="androidx.lifecycle.ProcessLifecycleInitializer"
70-->[androidx.lifecycle:lifecycle-process:2.4.1] AndroidManifest.xml:32:17-78
71                android:value="androidx.startup" />
71-->[androidx.lifecycle:lifecycle-process:2.4.1] AndroidManifest.xml:33:17-49
72        </provider>
73
74        <meta-data
74-->[com.facebook.soloader:soloader:0.10.5] AndroidManifest.xml:12:9-14:37
75            android:name="com.facebook.soloader.enabled"
75-->[com.facebook.soloader:soloader:0.10.5] AndroidManifest.xml:13:13-57
76            android:value="false" />
76-->[com.facebook.soloader:soloader:0.10.5] AndroidManifest.xml:14:13-34
77    </application>
78
79</manifest>